Flutter crash report.
Please report a bug at https://github.com/flutter/flutter/issues.

## command

flutter run -d chrome

## exception

_TypeError: Null check operator used on a null value

```
#0      currentPackageConfig (package:flutter_tools/src/dart/package_map.dart:16:56)
#1      loadDwdsDirectory (package:flutter_tools/src/isolated/web_server_utlities.dart:36:45)
#2      WebAssetServer.start (package:flutter_tools/src/isolated/web_asset_server.dart:301:39)
<asynchronous suspension>
#3      WebDevFS.create (package:flutter_tools/src/isolated/devfs_web.dart:201:22)
<asynchronous suspension>
#4      ResidentWebRunner.run.<anonymous closure> (package:flutter_tools/src/isolated/resident_web_runner.dart:318:19)
<asynchronous suspension>
#5      asyncGuard.<anonymous closure> (package:flutter_tools/src/base/async_guard.dart:108:24)
<asynchronous suspension>
```

## flutter doctor

```
[32m[✓][39m Flutter (Channel stable, 3.38.2, on macOS 26.1 25B78 darwin-arm64, locale en-US) [301ms]
    [32m•[39m Flutter version 3.38.2 on channel stable at /Users/anandprasad/development/flutter
    [32m•[39m Upstream repository https://github.com/flutter/flutter.git
    [32m•[39m Framework revision f5a8537f90 (11 hours ago), 2025-11-18 09:27:21 -0500
    [32m•[39m Engine revision b5990e5ccc
    [32m•[39m Dart version 3.10.0
    [32m•[39m DevTools version 2.51.1
    [32m•[39m Feature flags: enable-web, enable-linux-desktop, enable-macos-desktop, enable-windows-desktop, enable-android, enable-ios, cli-animations, enable-native-assets, omit-legacy-version-file,
      enable-lldb-debugging

[32m[✓][39m Android toolchain - develop for Android devices (Android SDK version 36.1.0) [1,440ms]
    [32m•[39m Android SDK at /Users/anandprasad/Library/Android/sdk
    [32m•[39m Emulator version 36.2.12.0 (build_id 14214601) (CL:N/A)
    [32m•[39m Platform android-36.1, build-tools 36.1.0
    [32m•[39m Java binary at: /Applications/Android Studio.app/Contents/jbr/Contents/Home/bin/java
      This is the JDK bundled with the latest Android Studio installation on this machine.
      To manually set the JDK path, use: `flutter config --jdk-dir="path/to/jdk"`.
    [32m•[39m Java version OpenJDK Runtime Environment (build 21.0.8+-14196175-b1038.72)
    [32m•[39m All Android licenses accepted.

[32m[✓][39m Xcode - develop for iOS and macOS (Xcode 16.4) [1,104ms]
    [32m•[39m Xcode at /Applications/Xcode.app/Contents/Developer
    [32m•[39m Build 16F6
    [32m•[39m CocoaPods version 1.16.2

[32m[✓][39m Chrome - develop for the web [5ms]
    [32m•[39m Chrome at /Applications/Google Chrome.app/Contents/MacOS/Google Chrome

[32m[✓][39m Connected device (3 available) [6.2s]
    [32m•[39m iPad Air 13-inch (M2) (mobile) • 537614D9-8E03-4DF8-9D16-5F6B8A54B738 • ios            • com.apple.CoreSimulator.SimRuntime.iOS-18-0 (simulator)
    [32m•[39m macOS (desktop)                • macos                                • darwin-arm64   • macOS 26.1 25B78 darwin-arm64
    [32m•[39m Chrome (web)                   • chrome                               • web-javascript • Google Chrome 142.0.7444.176

[32m[✓][39m Network resources [326ms]
    [32m•[39m All expected network resources are available.

[32m•[39m No issues found!
```
