Flutter crash report.
Please report a bug at https://github.com/flutter/flutter/issues.

## command

flutter analyze

## exception

_Exception: Exception: analysis server exited with code 64 and output:
[stderr] Project
[stderr]   build       Build a Dart application including code assets.
[stderr]   compile     Compile Dart to various formats.
[stderr]   create      Create a new Dart project.
[stderr]   pub         Work with packages.
[stderr]   run         Run a Dart program.
[stderr]   test        Run tests for a project.
[stderr] 
[stderr] Source code
[stderr]   analyze     Analyze Dart code in a directory.
[stderr]   doc         Generate API documentation for Dart projects.
[stderr]   fix         Apply automated fixes to Dart source code.
[stderr]   format      Idiomatically format Dart source code.
[stderr] 
[stderr] Tools
[stderr]   devtools    Open DevTools (optionally connecting to an existing application).
[stderr]   info        Show diagnostic information about the installed tooling.
[stderr] 
[stderr] Run "dart help <command>" for more information about a command.
[stderr] See https://dart.dev/tools/dart-tool for detailed documentation.

```
```

## flutter doctor

```
[32m[✓][39m Flutter (Channel stable, 3.38.2, on macOS 26.1 25B78
    darwin-arm64, locale en-US) [1,548ms]
    [32m•[39m Flutter version 3.38.2 on channel stable at
      /Users/anandprasad/development/flutter
    [32m•[39m Upstream repository
      https://github.com/flutter/flutter.git
    [32m•[39m Framework revision f5a8537f90 (11 hours ago),
      2025-11-18 09:27:21 -0500
    [32m•[39m Engine revision b5990e5ccc
    [32m•[39m Dart version 3.10.0
    [32m•[39m DevTools version 2.51.1
    [32m•[39m Feature flags: enable-web, enable-linux-desktop,
      enable-macos-desktop, enable-windows-desktop,
      enable-android, enable-ios, cli-animations,
      enable-native-assets, omit-legacy-version-file,
      enable-lldb-debugging

[33m[!][39m Android toolchain - develop for Android devices
    (Android SDK version 35.0.0) [2.5s]
    [32m•[39m Android SDK at
      /Users/anandprasad/Library/Android/sdk
    [32m•[39m Emulator version 35.1.20.0 (build_id 12234392)
      (CL:N/A)
    [31m✗[39m Flutter requires Android SDK 36 and the Android
      BuildTools 28.0.3
      To update the Android SDK visit
      https://flutter.dev/to/macos-android-setup for
      detailed instructions.
    [32m•[39m All Android licenses accepted.

[32m[✓][39m Xcode - develop for iOS and macOS (Xcode 16.4)
    [2.2s]
    [32m•[39m Xcode at
      /Applications/Xcode.app/Contents/Developer
    [32m•[39m Build 16F6
    [32m•[39m CocoaPods version 1.16.2

[32m[✓][39m Chrome - develop for the web [5ms]
    [32m•[39m Chrome at /Applications/Google
      Chrome.app/Contents/MacOS/Google Chrome

[32m[✓][39m Connected device (3 available) [7.6s]
    [32m•[39m iPad Air 13-inch (M2) (mobile) •
      537614D9-8E03-4DF8-9D16-5F6B8A54B738 • ios
      • com.apple.CoreSimulator.SimRuntime.iOS-18-0
      (simulator)
    [32m•[39m macOS (desktop)                • macos
      • darwin-arm64   • macOS 26.1 25B78 darwin-arm64
    [32m•[39m Chrome (web)                   • chrome
      • web-javascript • Google Chrome 142.0.7444.176

[32m[✓][39m Network resources [372ms]
    [32m•[39m All expected network resources are available.

[33m![39m Doctor found issues in 1 category.
```
